<?xml version="1.0" encoding="UTF-8"?>
<Site BuildName="Linux-c++"
	BuildStamp="20240718-1916-Experimental"
	Name="phobos"
	Generator="ctest-3.25.1"
	CompilerName="/usr/bin/c++"
	CompilerVersion="12.2.0"
	OSName="Linux"
	Hostname="phobos"
	OSRelease="6.1.0-22-amd64"
	OSVersion="#1 SMP PREEMPT_DYNAMIC Debian 6.1.94-1 (2024-06-21)"
	OSPlatform="x86_64"
	Is64Bits="1"
	VendorString="GenuineIntel"
	VendorID="Intel Corporation"
	FamilyID="6"
	ModelID="142"
	ProcessorCacheSize="6144"
	NumberOfLogicalCPU="8"
	NumberOfPhysicalCPU="4"
	TotalVirtualMemory="975"
	TotalPhysicalMemory="15801"
	LogicalProcessorsPerPhysical="2"
	ProcessorClockFrequency="3100.11"
	>
	<Testing>
		<StartDateTime>Jul 18 14:16 CDT</StartDateTime>
		<StartTestTime>1721330209</StartTestTime>
		<TestList/>
		<EndDateTime>Jul 18 14:16 CDT</EndDateTime>
		<EndTestTime>1721330209</EndTestTime>
		<ElapsedMinutes>0</ElapsedMinutes>
	</Testing>
</Site>
